\BOOKMARK [0][-]{Doc-Start}{\376\377\144\130\211\201}{}% 1
\BOOKMARK [0][-]{Doc-Start}{\376\377\000A\000b\000s\000t\000r\000a\000c\000t}{}% 2
\BOOKMARK [0][-]{chapter.1}{\376\377\176\352\212\000}{}% 3
\BOOKMARK [1][-]{section.1.1}{\376\377\170\024\172\166\200\314\146\157\123\312\141\017\116\111}{chapter.1}% 4
\BOOKMARK [1][-]{section.1.2}{\376\377\170\024\172\166\163\260\162\266}{chapter.1}% 5
\BOOKMARK [2][-]{subsection.1.2.1}{\376\377\127\372\116\216\211\304\122\031\166\204\145\271\154\325}{section.1.2}% 6
\BOOKMARK [2][-]{subsection.1.2.2}{\376\377\127\372\116\216\176\337\213\241\166\204\145\271\154\325}{section.1.2}% 7
\BOOKMARK [2][-]{subsection.1.2.3}{\376\377\127\372\116\216\147\072\126\150\133\146\116\140\166\204\145\271\154\325}{section.1.2}% 8
\BOOKMARK [2][-]{subsection.1.2.4}{\376\377\127\372\116\216\155\367\124\010\166\204\145\271\154\325}{section.1.2}% 9
\BOOKMARK [1][-]{section.1.3}{\376\377\116\073\211\201\170\024\172\166\121\205\133\271}{chapter.1}% 10
\BOOKMARK [1][-]{section.1.4}{\376\377\147\054\145\207\122\033\145\260}{chapter.1}% 11
\BOOKMARK [0][-]{chapter.2}{\376\377\166\370\121\163\151\202\137\365\165\114\133\232}{}% 12
\BOOKMARK [1][-]{section.2.1}{\376\377\145\340\166\321\167\143\200\132\174\173}{chapter.2}% 13
\BOOKMARK [1][-]{section.2.2}{\376\377\145\305\210\114\125\106\225\356\230\230}{chapter.2}% 14
\BOOKMARK [2][-]{subsection.2.2.1}{\376\377\166\370\121\163\151\202\137\365}{section.2.2}% 15
\BOOKMARK [2][-]{subsection.2.2.2}{\376\377\145\305\210\114\125\106\225\356\230\230\154\102\211\343\145\271\154\325}{section.2.2}% 16
\BOOKMARK [2][-]{subsection.2.2.3}{\376\377\000T\000S\000P\166\204\133\236\226\105\136\224\165\050}{section.2.2}% 17
\BOOKMARK [2][-]{subsection.2.2.4}{\376\377\000T\000S\000P\166\204\123\330\117\123}{section.2.2}% 18
\BOOKMARK [1][-]{section.2.3}{\376\377\147\000\134\017\147\103\123\071\221\115\225\356\230\230}{chapter.2}% 19
\BOOKMARK [2][-]{subsection.2.3.1}{\376\377\166\370\121\163\151\202\137\365}{section.2.3}% 20
\BOOKMARK [2][-]{subsection.2.3.2}{\376\377\147\000\134\017\147\103\123\071\221\115\225\356\230\230\154\102\211\343\145\271\154\325}{section.2.3}% 21
\BOOKMARK [1][-]{section.2.4}{\376\377\123\167\171\357\171\136\176\317\177\121\176\334}{chapter.2}% 22
\BOOKMARK [2][-]{subsection.2.4.1}{\376\377\127\372\147\054\176\323\147\204}{section.2.4}% 23
\BOOKMARK [2][-]{subsection.2.4.2}{\376\377\166\370\121\163\136\224\165\050}{section.2.4}% 24
\BOOKMARK [0][-]{chapter.3}{\376\377\127\372\116\216\162\171\137\201\133\120\172\172\225\364\143\322\120\074\166\204\145\160\143\156\124\010\142\020\145\271\154\325}{}% 25
\BOOKMARK [1][-]{section.3.1}{\376\377\162\171\137\201\133\120\172\172\225\364\166\204\122\022\122\006}{chapter.3}% 26
\BOOKMARK [2][-]{subsection.3.1.1}{\376\377\134\102\153\041\200\132\174\173}{section.3.1}% 27
\BOOKMARK [2][-]{subsection.3.1.2}{\376\377\000K\217\321\220\273\117\030\123\026}{section.3.1}% 28
\BOOKMARK [1][-]{section.3.2}{\376\377\133\120\172\172\225\364\143\322\120\074\215\357\137\204\143\222\136\217}{chapter.3}% 29
\BOOKMARK [1][-]{section.3.3}{\376\377\166\370\220\273\133\120\172\172\225\364\176\277\140\047\126\336\137\122\142\337\124\010}{chapter.3}% 30
\BOOKMARK [1][-]{section.3.4}{\376\377\131\032\226\066\153\265\147\000\134\017\147\103\123\071\221\115}{chapter.3}% 31
\BOOKMARK [1][-]{section.3.5}{\376\377\145\271\154\325\145\164\117\123\122\006\147\220}{chapter.3}% 32
\BOOKMARK [0][-]{chapter.4}{\376\377\000R\000S\000I\000S\117\030\123\026\145\110\147\234\133\236\232\214}{}% 33
\BOOKMARK [1][-]{section.4.1}{\376\377\152\041\142\337\133\236\232\214}{chapter.4}% 34
\BOOKMARK [2][-]{subsection.4.1.1}{\376\377\133\236\232\214\213\276\213\241}{section.4.1}% 35
\BOOKMARK [2][-]{subsection.4.1.2}{\376\377\117\030\123\026\145\110\147\234\122\006\147\220}{section.4.1}% 36
\BOOKMARK [2][-]{subsection.4.1.3}{\376\377\215\205\123\302\145\160\122\006\147\220}{section.4.1}% 37
\BOOKMARK [1][-]{section.4.2}{\376\377\133\236\117\213\122\006\147\220}{chapter.4}% 38
\BOOKMARK [2][-]{subsection.4.2.1}{\376\377\145\160\143\156\226\306\116\313\176\315}{section.4.2}% 39
\BOOKMARK [2][-]{subsection.4.2.2}{\376\377\117\030\123\026\145\110\147\234\122\006\147\220}{section.4.2}% 40
\BOOKMARK [0][-]{chapter.5}{\376\377\176\323\124\010\123\167\171\357\171\136\176\317\177\121\176\334\166\204\217\333\116\000\153\145\170\024\172\166}{}% 41
\BOOKMARK [1][-]{section.5.1}{\376\377\145\271\154\325\151\202\217\360}{chapter.5}% 42
\BOOKMARK [1][-]{section.5.2}{\376\377\145\160\143\156\226\306\123\312\152\041\127\213\177\121\176\334\116\313\176\315}{chapter.5}% 43
\BOOKMARK [1][-]{section.5.3}{\376\377\224\210\133\371\000C\000N\000N\152\041\127\213\230\204\155\113\166\204\117\030\123\026\145\110\147\234\122\006\147\220}{chapter.5}% 44
\BOOKMARK [0][-]{chapter.6}{\376\377\140\073\176\323\116\016\134\125\147\033}{}% 45
\BOOKMARK [0][-]{chapter*.17}{\376\377\123\302\200\003\145\207\163\056}{}% 46
\BOOKMARK [0][-]{chapter*.18}{\376\377\170\125\130\353\147\037\225\364\171\321\170\024\166\370\121\163\142\020\147\234}{}% 47
\BOOKMARK [0][-]{chapter*.19}{\376\377\201\364\214\042}{}% 48
